<?xml version="1.0" encoding="UTF-8"?>
<testsuite xmlns:xsi="http://www.w3.org/2001/XMLSchema-instance" xsi:noNamespaceSchemaLocation="https://maven.apache.org/surefire/maven-surefire-plugin/xsd/surefire-test-report-3.0.xsd" version="3.0" name="airline.controllers.FlightControllerTests" time="0.125" tests="1" errors="0" skipped="0" failures="1">
  <properties>
[...]
</properties>
  <testcase name="test" classname="airline.controllers.FlightControllerTests" time="0.074">
    <failure message="1 er ekki sama og 0 ==&gt; expected: &lt;1&gt; but was: &lt;0&gt;" type="org.opentest4j.AssertionFailedError"><![CDATA[org.opentest4j.AssertionFailedError: 1 er ekki sama og 0 ==> expected: <1> but was: <0>
	at org.junit.jupiter.api.AssertionFailureBuilder.build(AssertionFailureBuilder.java:158)
	at org.junit.jupiter.api.AssertionFailureBuilder.buildAndThrow(AssertionFailureBuilder.java:139)
	at org.junit.jupiter.api.AssertEquals.failNotEqual(AssertEquals.java:201)
	at org.junit.jupiter.api.AssertEquals.assertEquals(AssertEquals.java:152)
	at org.junit.jupiter.api.Assertions.assertEquals(Assertions.java:590)
	at airline.controllers.FlightControllerTests.test(FlightControllerTests.java:21)
]]></failure>
    <system-out><![CDATA[Byrja
]]></system-out>
  </testcase>
</testsuite>